[    0.000000] Linux version 4.15.0-204-generic (buildd@lcy02-amd64-030) (gcc version 7.5.0 (Ubuntu 7.5.0-3ubuntu1~18.04)) #215-Ubuntu SMP Fri Jan 20 18:24:59 UTC 2023 (Ubuntu 4.15.0-204.215-generic 4.15.18)
[    0.000000] Command line: BOOT_IMAGE=/boot/vmlinuz-4.15.0-204-generic root=LABEL=cloudimg-rootfs ro console=tty1 console=ttyS0
[    0.000000] KERNEL supported cpus:
[    0.000000]   Intel GenuineIntel
[    0.000000]   AMD AuthenticAMD
[    0.000000]   Centaur CentaurHauls
[    0.000000] [Firmware Bug]: TSC doesn't count with P0 frequency!
[    0.000000] x86/fpu: x87 FPU will use FXSAVE
[    0.000000] e820: BIOS-provided physical RAM map:
[    0.000000] BIOS-e820: [mem 0x0000000000000000-0x000000000009fbff] usable
[    0.000000] BIOS-e820: [mem 0x000000000009fc00-0x000000000009ffff] reserved
[    0.000000] BIOS-e820: [mem 0x00000000000f0000-0x00000000000fffff] reserved
[    0.000000] BIOS-e820: [mem 0x0000000000100000-0x000000003ffeffff] usable
[    0.000000] BIOS-e820: [mem 0x000000003fff0000-0x000000003fffffff] ACPI data
[    0.000000] BIOS-e820: [mem 0x00000000fec00000-0x00000000fec00fff] reserved
[    0.000000] BIOS-e820: [mem 0x00000000fee00000-0x00000000fee00fff] reserved
[    0.000000] BIOS-e820: [mem 0x00000000fffc0000-0x00000000ffffffff] reserved
[    0.000000] NX (Execute Disable) protection: active
[    0.000000] SMBIOS 2.5 present.
[    0.000000] DMI: innotek GmbH VirtualBox/VirtualBox, BIOS VirtualBox 12/01/2006
[    0.000000] Hypervisor detected: KVM
[    0.000000] e820: last_pfn = 0x3fff0 max_arch_pfn = 0x400000000
[    0.000000] MTRR: Disabled
[    0.000000] x86/PAT: MTRRs disabled, skipping PAT initialization too.
[    0.000000] CPU MTRRs all blank - virtualized system.
[    0.000000] x86/PAT: Configuration [0-7]: WB  WT  UC- UC  WB  WT  UC- UC  
[    0.000000] found SMP MP-table at [mem 0x0009fff0-0x0009ffff]
[    0.000000] Scanning 1 areas for low memory corruption
[    0.000000] RAMDISK: [mem 0x359c9000-0x36cdbfff]
[    0.000000] ACPI: Early table checksum verification disabled
[    0.000000] ACPI: RSDP 0x00000000000E0000 000024 (v02 VBOX  )
[    0.000000] ACPI: XSDT 0x000000003FFF0030 00003C (v01 VBOX   VBOXXSDT 00000001 ASL  00000061)
[    0.000000] ACPI: FACP 0x000000003FFF00F0 0000F4 (v04 VBOX   VBOXFACP 00000001 ASL  00000061)
[    0.000000] ACPI: DSDT 0x000000003FFF0610 002353 (v02 VBOX   VBOXBIOS 00000002 INTL 20100528)
[    0.000000] ACPI: FACS 0x000000003FFF0200 000040
[    0.000000] ACPI: FACS 0x000000003FFF0200 000040
[    0.000000] ACPI: APIC 0x000000003FFF0240 00005C (v02 VBOX   VBOXAPIC 00000001 ASL  00000061)
[    0.000000] ACPI: SSDT 0x000000003FFF02A0 00036C (v01 VBOX   VBOXCPUT 00000002 INTL 20100528)
[    0.000000] ACPI: Reserving FACP table memory at [mem 0x3fff00f0-0x3fff01e3]
[    0.000000] ACPI: Reserving DSDT table memory at [mem 0x3fff0610-0x3fff2962]
[    0.000000] ACPI: Reserving FACS table memory at [mem 0x3fff0200-0x3fff023f]
[    0.000000] ACPI: Reserving FACS table memory at [mem 0x3fff0200-0x3fff023f]
[    0.000000] ACPI: Reserving APIC table memory at [mem 0x3fff0240-0x3fff029b]
[    0.000000] ACPI: Reserving SSDT table memory at [mem 0x3fff02a0-0x3fff060b]
[    0.000000] No NUMA configuration found
[    0.000000] Faking a node at [mem 0x0000000000000000-0x000000003ffeffff]
[    0.000000] NODE_DATA(0) allocated [mem 0x3ffc5000-0x3ffeffff]
[    0.000000] kvm-clock: cpu 0, msr 0:3ff44001, primary cpu clock
[    0.000000] kvm-clock: Using msrs 4b564d01 and 4b564d00
[    0.000000] kvm-clock: using sched offset of 3430264120 cycles
[    0.000000] clocksource: kvm-clock: mask: 0xffffffffffffffff max_cycles: 0x1cd42e4dffb, max_idle_ns: 881590591483 ns
[    0.000000] Zone ranges:
[    0.000000]   DMA      [mem 0x0000000000001000-0x0000000000ffffff]
[    0.000000]   DMA32    [mem 0x0000000001000000-0x000000003ffeffff]
[    0.000000]   Normal   empty
[    0.000000]   Device   empty
[    0.000000] Movable zone start for each node
[    0.000000] Early memory node ranges
[    0.000000]   node   0: [mem 0x0000000000001000-0x000000000009efff]
[    0.000000]   node   0: [mem 0x0000000000100000-0x000000003ffeffff]
[    0.000000] Reserved but unavailable: 104 pages
[    0.000000] Initmem setup node 0 [mem 0x0000000000001000-0x000000003ffeffff]
[    0.000000] ACPI: PM-Timer IO Port: 0x4008
[    0.000000] IOAPIC[0]: apic_id 2, version 32, address 0xfec00000, GSI 0-23
[    0.000000] ACPI: INT_SRC_OVR (bus 0 bus_irq 0 global_irq 2 dfl dfl)
[    0.000000] ACPI: INT_SRC_OVR (bus 0 bus_irq 9 global_irq 9 low level)
[    0.000000] Using ACPI (MADT) for SMP configuration information
[    0.000000] smpboot: Allowing 2 CPUs, 0 hotplug CPUs
[    0.000000] PM: Registered nosave memory: [mem 0x00000000-0x00000fff]
[    0.000000] PM: Registered nosave memory: [mem 0x0009f000-0x0009ffff]
[    0.000000] PM: Registered nosave memory: [mem 0x000a0000-0x000effff]
[    0.000000] PM: Registered nosave memory: [mem 0x000f0000-0x000fffff]
[    0.000000] e820: [mem 0x40000000-0xfebfffff] available for PCI devices
[    0.000000] Booting paravirtualized kernel on KVM
[    0.000000] clocksource: refined-jiffies: mask: 0xffffffff max_cycles: 0xffffffff, max_idle_ns: 7645519600211568 ns
[    0.000000] setup_percpu: NR_CPUS:8192 nr_cpumask_bits:2 nr_cpu_ids:2 nr_node_ids:1
[    0.000000] percpu: Embedded 50 pages/cpu s167936 r8192 d28672 u1048576
[    0.000000] PV qspinlock hash table entries: 256 (order: 0, 4096 bytes)
[    0.000000] Built 1 zonelists, mobility grouping on.  Total pages: 257913
[    0.000000] Policy zone: DMA32
[    0.000000] Kernel command line: BOOT_IMAGE=/boot/vmlinuz-4.15.0-204-generic root=LABEL=cloudimg-rootfs ro console=tty1 console=ttyS0
[    0.000000] Memory: 982640K/1048120K available (12300K kernel code, 2477K rwdata, 4324K rodata, 2480K init, 2720K bss, 65480K reserved, 0K cma-reserved)
[    0.000000] SLUB: HWalign=64, Order=0-3, MinObjects=0, CPUs=2, Nodes=1
[    0.000000] ftrace: allocating 39488 entries in 155 pages
[    0.004000] Hierarchical RCU implementation.
[    0.004000] 	RCU restricting CPUs from NR_CPUS=8192 to nr_cpu_ids=2.
[    0.004000] 	Tasks RCU enabled.
[    0.004000] RCU: Adjusting geometry for rcu_fanout_leaf=16, nr_cpu_ids=2
[    0.004000] NR_IRQS: 524544, nr_irqs: 440, preallocated irqs: 16
[    0.004000] random: crng init done
[    0.004000] Console: colour VGA+ 80x25
[    0.004000] console [tty1] enabled
[    0.004000] console [ttyS0] enabled
[    0.004000] ACPI: Core revision 20170831
[    0.004000] ACPI: 2 ACPI AML tables successfully acquired and loaded
[    0.004000] APIC: Switch to symmetric I/O mode setup
[    0.004000] ..TIMER: vector=0x30 apic1=0 pin1=2 apic2=-1 pin2=-1
[    0.004004] tsc: Detected 3193.906 MHz processor
[    0.008006] Calibrating delay loop (skipped) preset value.. 6387.81 BogoMIPS (lpj=12775624)
[    0.012002] pid_max: default: 32768 minimum: 301
[    0.016051] Security Framework initialized
[    0.018038] Yama: becoming mindful.
[    0.020063] AppArmor: AppArmor initialized
[    0.024627] Dentry cache hash table entries: 131072 (order: 8, 1048576 bytes)
[    0.028733] Inode-cache hash table entries: 65536 (order: 7, 524288 bytes)
[    0.032000] Mount-cache hash table entries: 2048 (order: 2, 16384 bytes)
[    0.032049] Mountpoint-cache hash table entries: 2048 (order: 2, 16384 bytes)
[    0.036801] Last level iTLB entries: 4KB 512, 2MB 512, 4MB 256
[    0.040003] Last level dTLB entries: 4KB 2048, 2MB 2048, 4MB 1024, 1GB 0
[    0.044003] Spectre V1 : Mitigation: usercopy/swapgs barriers and __user pointer sanitization
[    0.048003] Spectre V2 : Mitigation: Retpolines
[    0.052002] Spectre V2 : Spectre v2 / SpectreRSB mitigation: Filling RSB on context switch
[    0.056002] Spectre V2 : Spectre v2 / SpectreRSB : Filling RSB on VMEXIT
[    0.060146] Freeing SMP alternatives memory: 36K
[    0.176867] smpboot: CPU0: AMD Ryzen 7 5800H with Radeon Graphics (family: 0x19, model: 0x50, stepping: 0x0)
[    0.180269] Performance Events: PMU not available due to virtualization, using software events only.
[    0.184070] Hierarchical SRCU implementation.
[    0.188606] NMI watchdog: Perf event create on CPU 0 failed with -2
[    0.192002] NMI watchdog: Perf NMI watchdog permanently disabled
[    0.196224] smp: Bringing up secondary CPUs ...
[    0.200500] x86: Booting SMP configuration:
[    0.202575] .... node  #0, CPUs:      #1
[    0.004000] kvm-clock: cpu 1, msr 0:3ff44041, secondary cpu clock
[    0.208000] TSC synchronization [CPU#0 -> CPU#1]:
[    0.208000] Measured 60028 cycles TSC warp between CPUs, turning off TSC clock.
[    0.208000] tsc: Marking TSC unstable due to check_tsc_sync_source failed
[    0.212066] smp: Brought up 1 node, 2 CPUs
[    0.216003] smpboot: Max logical packages: 1
[    0.218169] smpboot: Total of 2 processors activated (12775.62 BogoMIPS)
[    0.220338] devtmpfs: initialized
[    0.224195] x86/mm: Memory block size: 128MB
[    0.226435] evm: security.selinux
[    0.228002] evm: security.SMACK64
[    0.232001] evm: security.SMACK64EXEC
[    0.233788] evm: security.SMACK64TRANSMUTE
[    0.236001] evm: security.SMACK64MMAP
[    0.237757] evm: security.apparmor
[    0.240001] evm: security.ima
[    0.241497] evm: security.capability
[    0.244255] clocksource: jiffies: mask: 0xffffffff max_cycles: 0xffffffff, max_idle_ns: 7645041785100000 ns
[    0.252005] futex hash table entries: 512 (order: 3, 32768 bytes)
[    0.256210] pinctrl core: initialized pinctrl subsystem
[    0.258876] RTC time: 14:24:25, date: 03/01/23
[    0.260776] NET: Registered protocol family 16
[    0.264082] audit: initializing netlink subsys (disabled)
[    0.268186] audit: type=2000 audit(1677680669.825:1): state=initialized audit_enabled=0 res=1
[    0.272070] cpuidle: using governor ladder
[    0.276128] cpuidle: using governor menu
[    0.280097] ACPI: bus type PCI registered
[    0.281967] acpiphp: ACPI Hot Plug PCI Controller Driver version: 0.5
[    0.284283] PCI: Using configuration type 1 for base access
[    0.286653] PCI: Using configuration type 1 for extended access
[    0.292301] HugeTLB registered 2.00 MiB page size, pre-allocated 0 pages
[    0.296283] ACPI: Added _OSI(Module Device)
[    0.300002] ACPI: Added _OSI(Processor Device)
[    0.302153] ACPI: Added _OSI(3.0 _SCP Extensions)
[    0.304002] ACPI: Added _OSI(Processor Aggregator Device)
[    0.306384] ACPI: Added _OSI(Linux-Dell-Video)
[    0.308002] ACPI: Added _OSI(Linux-Lenovo-NV-HDMI-Audio)
[    0.312002] ACPI: Added _OSI(Linux-HPI-Hybrid-Graphics)
[    0.314898] ACPI: Executed 1 blocks of module-level executable AML code
[    0.321269] ACPI: Interpreter enabled
[    0.323060] ACPI: (supports S0 S5)
[    0.324002] ACPI: Using IOAPIC for interrupt routing
[    0.328166] PCI: Using host bridge windows from ACPI; if necessary, use "pci=nocrs" and report a bug
[    0.332133] ACPI: Enabled 2 GPEs in block 00 to 07
[    0.339895] ACPI: PCI Root Bridge [PCI0] (domain 0000 [bus 00-ff])
[    0.340006] acpi PNP0A03:00: _OSC: OS supports [ExtendedConfig ASPM ClockPM Segments MSI]
[    0.348201] acpi PNP0A03:00: _OSC: platform does not support [PCIeCapability]
[    0.352411] acpi PNP0A03:00: _OSC: not requesting control; platform does not support [PCIeCapability]
[    0.356003] acpi PNP0A03:00: _OSC: OS requested [PCIeHotplug PME AER PCIeCapability]
[    0.360003] acpi PNP0A03:00: _OSC: platform willing to grant [PCIeHotplug PME AER]
[    0.364003] acpi PNP0A03:00: _OSC failed (AE_SUPPORT); disabling ASPM
[    0.368451] PCI host bridge to bus 0000:00
[    0.372003] pci_bus 0000:00: root bus resource [io  0x0000-0x0cf7 window]
[    0.376003] pci_bus 0000:00: root bus resource [io  0x0d00-0xffff window]
[    0.380003] pci_bus 0000:00: root bus resource [mem 0x000a0000-0x000bffff window]
[    0.384003] pci_bus 0000:00: root bus resource [mem 0x40000000-0xfdffffff window]
[    0.388003] pci_bus 0000:00: root bus resource [bus 00-ff]
[    0.395367] pci 0000:00:01.1: legacy IDE quirk: reg 0x10: [io  0x01f0-0x01f7]
[    0.396003] pci 0000:00:01.1: legacy IDE quirk: reg 0x14: [io  0x03f6]
[    0.400003] pci 0000:00:01.1: legacy IDE quirk: reg 0x18: [io  0x0170-0x0177]
[    0.404002] pci 0000:00:01.1: legacy IDE quirk: reg 0x1c: [io  0x0376]
[    0.421505] pci 0000:00:07.0: quirk: [io  0x4000-0x403f] claimed by PIIX4 ACPI
[    0.424021] pci 0000:00:07.0: quirk: [io  0x4100-0x410f] claimed by PIIX4 SMB
[    0.433842] ACPI: PCI Interrupt Link [LNKA] (IRQs 5 9 10 *11)
[    0.436293] ACPI: PCI Interrupt Link [LNKB] (IRQs 5 9 *10 11)
[    0.440127] ACPI: PCI Interrupt Link [LNKC] (IRQs 5 *9 10 11)
[    0.442781] ACPI: PCI Interrupt Link [LNKD] (IRQs 5 9 10 *11)
[    0.444473] SCSI subsystem initialized
[    0.448150] pci 0000:00:02.0: vgaarb: setting as boot VGA device
[    0.450696] pci 0000:00:02.0: vgaarb: VGA device added: decodes=io+mem,owns=io+mem,locks=none
[    0.452003] pci 0000:00:02.0: vgaarb: bridge control possible
[    0.456002] vgaarb: loaded
[    0.457415] ACPI: bus type USB registered
[    0.460029] usbcore: registered new interface driver usbfs
[    0.462499] usbcore: registered new interface driver hub
[    0.464007] usbcore: registered new device driver usb
[    0.468136] EDAC MC: Ver: 3.0.0
[    0.469931] PCI: Using ACPI for IRQ routing
[    0.472416] NetLabel: Initializing
[    0.476002] NetLabel:  domain hash size = 128
[    0.478104] NetLabel:  protocols = UNLABELED CIPSOv4 CALIPSO
[    0.480010] NetLabel:  unlabeled traffic allowed by default
[    0.484250] clocksource: Switched to clocksource kvm-clock
[    0.509357] VFS: Disk quotas dquot_6.6.0
[    0.509357] VFS: Dquot-cache hash table entries: 512 (order 0, 4096 bytes)
[    0.509357] AppArmor: AppArmor Filesystem Enabled
[    0.509357] pnp: PnP ACPI init
[    0.509357] pnp: PnP ACPI: found 3 devices
[    0.561552] clocksource: acpi_pm: mask: 0xffffff max_cycles: 0xffffff, max_idle_ns: 2085701024 ns
[    0.564597] NET: Registered protocol family 2
[    0.564597] IP idents hash table entries: 16384 (order: 5, 131072 bytes)
[    0.571560] TCP established hash table entries: 8192 (order: 4, 65536 bytes)
[    0.574829] TCP bind hash table entries: 8192 (order: 5, 131072 bytes)
[    0.575224] TCP: Hash tables configured (established 8192 bind 8192)
[    0.575224] UDP hash table entries: 512 (order: 2, 16384 bytes)
[    0.575224] UDP-Lite hash table entries: 512 (order: 2, 16384 bytes)
[    0.575224] NET: Registered protocol family 1
[    0.575224] pci 0000:00:00.0: Limiting direct PCI/PCI transfers
[    0.575224] pci 0000:00:01.0: Activating ISA DMA hang workarounds
[    0.575224] pci 0000:00:02.0: Video device with shadowed ROM at [mem 0x000c0000-0x000dffff]
[    0.575224] Unpacking initramfs...
[    0.575224] Freeing initrd memory: 19532K
[    0.575224] clocksource: tsc: mask: 0xffffffffffffffff max_cycles: 0x2e09cd5b46a, max_idle_ns: 440795224211 ns
[    0.575224] platform rtc_cmos: registered platform RTC device (no PNP device found)
[    0.575224] Scanning for low memory corruption every 60 seconds
[    0.901551] Initialise system trusted keyrings
[    0.903605] Key type blacklist registered
[    0.906888] workingset: timestamp_bits=36 max_order=18 bucket_order=0
[    0.911745] zbud: loaded
[    0.914261] squashfs: version 4.0 (2009/01/31) Phillip Lougher
[    0.918437] fuse init (API version 7.26)
[    0.949650] Key type asymmetric registered
[    0.951489] Asymmetric key parser 'x509' registered
[    0.954139] Block layer SCSI generic (bsg) driver version 0.4 loaded (major 246)
[    0.957841] io scheduler noop registered
[    0.960368] io scheduler deadline registered
[    0.962611] io scheduler cfq registered (default)
[    0.966169] ACPI: AC Adapter [AC] (on-line)
[    0.970386] input: Power Button as /devices/LNXSYSTM:00/LNXPWRBN:00/input/input0
[    0.976522] ACPI: Power Button [PWRF]
[    0.979194] input: Sleep Button as /devices/LNXSYSTM:00/LNXSLPBN:00/input/input1
[    0.985559] ACPI: Sleep Button [SLPF]
[    0.990380] ACPI: Battery Slot [BAT0] (battery present)
[    0.993633] Serial: 8250/16550 driver, 32 ports, IRQ sharing enabled
[    1.020579] 00:02: ttyS0 at I/O 0x3f8 (irq = 4, base_baud = 115200) is a 16550A
[    1.037506] Linux agpgart interface v0.103
[    1.046731] loop: module loaded
[    1.051312] scsi host0: ata_piix
[    1.054680] scsi host1: ata_piix
[    1.056421] ata1: PATA max UDMA/33 cmd 0x1f0 ctl 0x3f6 bmdma 0xd000 irq 14
[    1.061054] ata2: PATA max UDMA/33 cmd 0x170 ctl 0x376 bmdma 0xd008 irq 15
[    1.065947] tun: Universal TUN/TAP device driver, 1.6
[    1.070019] PPP generic driver version 2.4.2
[    1.074075] ehci_hcd: USB 2.0 'Enhanced' Host Controller (EHCI) Driver
[    1.079368] ehci-pci: EHCI PCI platform driver
[    1.082426] ehci-platform: EHCI generic platform driver
[    1.085182] ohci_hcd: USB 1.1 'Open' Host Controller (OHCI) Driver
[    1.088283] ohci-pci: OHCI PCI platform driver
[    1.089124] ohci-platform: OHCI generic platform driver
[    1.093638] uhci_hcd: USB Universal Host Controller Interface driver
[    1.098959] i8042: PNP: PS/2 Controller [PNP0303:PS2K,PNP0f03:PS2M] at 0x60,0x64 irq 1,12
[    1.106707] serio: i8042 KBD port at 0x60,0x64 irq 1
[    1.109561] serio: i8042 AUX port at 0x60,0x64 irq 12
[    1.113513] mousedev: PS/2 mouse device common for all mice
[    1.119523] rtc_cmos rtc_cmos: rtc core: registered rtc_cmos as rtc0
[    1.123071] input: AT Translated Set 2 keyboard as /devices/platform/i8042/serio0/input/input2
[    1.124560] rtc_cmos rtc_cmos: alarms up to one day, 114 bytes nvram
[    1.131898] i2c /dev entries driver
[    1.134047] device-mapper: uevent: version 1.0.3
[    1.137256] device-mapper: ioctl: 4.37.0-ioctl (2017-09-20) initialised: dm-devel@redhat.com
[    1.141495] ledtrig-cpu: registered to indicate activity on CPUs
[    1.146438] NET: Registered protocol family 10
[    1.156817] Segment Routing with IPv6
[    1.158736] NET: Registered protocol family 17
[    1.161427] Key type dns_resolver registered
[    1.164238] mce: Using 0 MCE banks
[    1.166049] RAS: Correctable Errors collector initialized.
[    1.168212] sched_clock: Marking stable (1164212849, 0)->(1509434723, -345221874)
[    1.174609] registered taskstats version 1
[    1.176885] Loading compiled-in X.509 certificates
[    1.182538] Loaded X.509 cert 'Build time autogenerated kernel key: 449f52b446813ee48ad446aa51a5377584e80c28'
[    1.189043] Loaded X.509 cert 'Canonical Ltd. Live Patch Signing: 14df34d1a87cf37625abec039ef2bf521249b969'
[    1.194190] Loaded X.509 cert 'Canonical Ltd. Kernel Module Signing: 88f752e560a1e0737e31163a466ad7b70a850c19'
[    1.199081] blacklist: Loading compiled-in revocation X.509 certificates
[    1.202550] Loaded X.509 cert 'Canonical Ltd. Secure Boot Signing: 61482aa2830d0ab2ad5af10b7250da9033ddcef0'
[    1.207605] Loaded X.509 cert 'Canonical Ltd. Secure Boot Signing (2017): 242ade75ac4a15e50d50c84b0d45ff3eae707a03'
[    1.212627] Loaded X.509 cert 'Canonical Ltd. Secure Boot Signing (ESM 2018): 365188c1d374d6b07c3c8f240f8ef722433d6a8b'
[    1.219143] Loaded X.509 cert 'Canonical Ltd. Secure Boot Signing (2019): c0746fd6c5da3ae827864651ad66ae47fe24b3e8'
[    1.226507] Loaded X.509 cert 'Canonical Ltd. Secure Boot Signing (2021 v1): a8d54bbb3825cfb94fa13c9f8a594a195c107b8d'
[    1.232721] Loaded X.509 cert 'Canonical Ltd. Secure Boot Signing (2021 v2): 4cf046892d6fd3c9a5b03f98d845f90851dc6a8c'
[    1.238741] Loaded X.509 cert 'Canonical Ltd. Secure Boot Signing (2021 v3): 100437bb6de6e469b581e61cd66bce3ef4ed53af'
[    1.245223] Loaded X.509 cert 'Canonical Ltd. Secure Boot Signing (Ubuntu Core 2019): c1d57b8f6b743f23ee41f4f7ee292f06eecadfb9'
[    1.252014] zswap: loaded using pool lzo/zbud
[    1.280830] Key type big_key registered
[    1.282706] Key type trusted registered
[    1.288182] Key type encrypted registered
[    1.290278] AppArmor: AppArmor sha1 policy hashing enabled
[    1.294794] ima: No TPM chip found, activating TPM-bypass! (rc=-19)
[    1.299417] ima: Allocated hash algorithm: sha1
[    1.301783] evm: HMAC attrs: 0x1
[    1.304805]   Magic number: 15:912:433
[    1.307436] rtc_cmos rtc_cmos: setting system clock to 2023-03-01 14:24:26 UTC (1677680666)
[    1.312588] BIOS EDD facility v0.16 2004-Jun-25, 0 devices found
[    1.315801] EDD information not available.
[    1.320192] Freeing unused kernel image memory: 2480K
[    1.350369] Write protecting the kernel read-only data: 20480k
[    1.354199] Freeing unused kernel image memory: 2008K
[    1.357122] Freeing unused kernel image memory: 1820K
[    1.363847] x86/mm: Checked W+X mappings: passed, no W+X pages found.
Loading, please wait...
starting version 237
[    1.429331] e1000: Intel(R) PRO/1000 Network Driver - version 7.3.21-k8-NAPI
[    1.434651] e1000: Copyright (c) 1999-2006 Intel Corporation.
[    1.443680] Fusion MPT base driver 3.04.20
[    1.446929] Copyright (c) 1999-2008 LSI Corporation
[    1.465828] SSE version of gcm_enc/dec engaged.
[    1.475944] Fusion MPT SPI Host driver 3.04.20
[    1.720989] input: ImExPS/2 Generic Explorer Mouse as /devices/platform/i8042/serio1/input/input4
[    2.001050] e1000 0000:00:03.0 eth0: (PCI:33MHz:32-bit) 02:ea:ac:f2:75:47
[    2.003992] e1000 0000:00:03.0 eth0: Intel(R) PRO/1000 Network Connection
[    2.008072] mptbase: ioc0: Initiating bringup
[    2.167711] ioc0: LSI53C1030 A0: Capabilities={Initiator}
[    3.210559] scsi host2: ioc0: LSI53C1030 A0, FwRev=00000000h, Ports=1, MaxQ=256, IRQ=20
[    3.517690] scsi 2:0:0:0: Direct-Access     VBOX     HARDDISK         1.0  PQ: 0 ANSI: 5
[    3.567345] scsi target2:0:0: Beginning Domain Validation
[    3.579775] scsi target2:0:0: Domain Validation skipping write tests
[    3.584812] scsi target2:0:0: Ending Domain Validation
[    3.588156] scsi target2:0:0: asynchronous
[    3.592425] scsi 2:0:1:0: Direct-Access     VBOX     HARDDISK         1.0  PQ: 0 ANSI: 5
[    3.948407] scsi target2:0:1: Beginning Domain Validation
[    3.957094] scsi target2:0:1: Domain Validation skipping write tests
[    3.960862] scsi target2:0:1: Ending Domain Validation
[    3.963467] scsi target2:0:1: asynchronous
[    3.978058] sd 2:0:0:0: Attached scsi generic sg0 type 0
[    3.982176] sd 2:0:1:0: Attached scsi generic sg1 type 0
[    3.984985] sd 2:0:0:0: [sda] 83886080 512-byte logical blocks: (42.9 GB/40.0 GiB)
[    3.989026] sd 2:0:0:0: [sda] Write Protect is off
[    3.992470] sd 2:0:1:0: [sdb] 20480 512-byte logical blocks: (10.5 MB/10.0 MiB)
[    3.997978] sd 2:0:0:0: [sda] Incomplete mode parameter data
[    4.001619] sd 2:0:0:0: [sda] Assuming drive cache: write through
[    4.005098] sd 2:0:1:0: [sdb] Write Protect is off
[    4.009441] sd 2:0:1:0: [sdb] Incomplete mode parameter data
[    4.014517] sd 2:0:1:0: [sdb] Assuming drive cache: write through
[    4.017426]  sda: sda1
[    4.022813] sd 2:0:0:0: [sda] Attached SCSI disk
[    4.027304] sd 2:0:1:0: [sdb] Attached SCSI disk
[    4.078080] e1000 0000:00:08.0 eth1: (PCI:33MHz:32-bit) 08:00:27:1a:1f:39
[    4.081077] e1000 0000:00:08.0 eth1: Intel(R) PRO/1000 Network Connection
[    4.085500] e1000 0000:00:03.0 enp0s3: renamed from eth0
[    4.105468] e1000 0000:00:08.0 enp0s8: renamed from eth1
Begin: Loading essential drivers ... [    8.263209] raid6: sse2x1   gen() 179190 MB/s
[   10.268154] raid6: sse2x1   xor() 292686 MB/s
[   11.264263] raid6: sse2x2   gen() 341849 MB/s
[   13.261124] raid6: sse2x2   xor() 358746 MB/s
[   13.321352] raid6: sse2x4   gen() 24316 MB/s
[   14.261273] raid6: sse2x4   xor() 262935 MB/s
[   14.264123] raid6: using algorithm sse2x2 gen() 341849 MB/s
[   14.266541] raid6: .... xor() 358746 MB/s, rmw enabled
[   14.268898] raid6: using ssse3x2 recovery algorithm
[   14.273066] xor: measuring software checksum speed
[   14.373343]    prefetch64-sse: 49513.000 MB/sec
[   14.526824]    generic_sse: 142712.000 MB/sec
[   14.529203] xor: using function: generic_sse (142712.000 MB/sec)
[   14.533445] async_tx: api initialized (async)
done.
Begin: Running /scripts/init-premount ... done.
Begin: Mounting root file system ... Begin: Running /scripts/local-top ... done.
Begin: Running /scripts/local-premount ... [   14.576922] Btrfs loaded, crc32c=crc32c-intel
Scanning for Btrfs filesystems
done.
Warning: fsck not present, so skipping root file system
[   14.619089] EXT4-fs (sda1): mounted filesystem with ordered data mode. Opts: (null)
done.
Begin: Running /scripts/local-bottom ... done.
Begin: Running /scripts/init-bottom ... done.
[   14.799586] ip_tables: (C) 2000-2006 Netfilter Core Team
[   14.815940] systemd[1]: systemd 237 running in system mode. (+PAM +AUDIT +SELINUX +IMA +APPARMOR +SMACK +SYSVINIT +UTMP +LIBCRYPTSETUP +GCRYPT +GNUTLS +ACL +XZ +LZ4 +SECCOMP +BLKID +ELFUTILS +KMOD -IDN2 +IDN -PCRE2 default-hierarchy=hybrid)
[   14.825900] systemd[1]: Detected virtualization oracle.
[   14.828425] systemd[1]: Detected architecture x86-64.

Welcome to [1mUbuntu 18.04.6 LTS[0m!

[   14.851035] systemd[1]: Set hostname to <ubuntu>.
[   14.858983] systemd[1]: Initializing machine ID from random generator.
[   14.862474] systemd[1]: Installed transient /etc/machine-id file.
[   15.118887] systemd[1]: Set up automount Arbitrary Executable File Formats File System Automount Point.
[[0;32m  OK  [0m] Set up automount Arbitrary Executab…rmats File System Automount Point.
[   15.125528] systemd[1]: Reached target System Time Synchronized.
[[0;32m  OK  [0m] Reached target System Time Synchronized.
[   15.129636] systemd[1]: Reached target Swap.
[[0;32m  OK  [0m] Reached target Swap.
[   15.132631] systemd[1]: Started Forward Password Requests to Wall Directory Watch.
[[0;32m  OK  [0m] Started Forward Password Requests to Wall Directory Watch.
[[0;32m  OK  [0m] Created slice User and Session Slice.
[[0;32m  OK  [0m] Reached target Mounting snaps.
[[0;32m  OK  [0m] Reached target User and Group Name Lookups.
[[0;32m  OK  [0m] Reached target Mounted snaps.
[[0;32m  OK  [0m] Created slice System Slice.
[[0;32m  OK  [0m] Listening on LVM2 poll daemon socket.
[[0;32m  OK  [0m] Created slice system-serial\x2dgetty.slice.
[[0;32m  OK  [0m] Listening on Journal Audit Socket.
[[0;32m  OK  [0m] Listening on udev Kernel Socket.
[[0;32m  OK  [0m] Listening on udev Control Socket.
[[0;32m  OK  [0m] Listening on Network Service Netlink Socket.
[[0;32m  OK  [0m] Listening on Device-mapper event daemon FIFOs.
[[0;32m  OK  [0m] Listening on Syslog Socket.
[[0;32m  OK  [0m] Listening on Journal Socket.
         Starting Create list of required st…ce nodes for the current kernel...
         Mounting Kernel Debug File System...
         Mounting Huge Pages File System...
[[0;32m  OK  [0m] Listening on Journal Socket (/dev/log).
         Starting Journal Service...
[[0;32m  OK  [0m] Listening on /dev/initctl Compatibility Named Pipe.
         Starting Uncomplicated firewall...
         Starting Set the console keyboard layout...
[[0;32m  OK  [0m] Listening on LVM2 metadata daemon socket.
         Starting Monitoring of LVM2 mirrors…ng dmeventd or progress polling...
         Starting udev Coldplug all Devices...
         Starting Load Kernel Modules...
         Mounting POSIX Message Queue File System...
[[0;32m  OK  [0m] Listening on fsck to fsckd communication Socket.
         Starting File System Check on Root Device...
[[0;32m  OK  [0m] Reached target Slices.
[[0;32m  OK  [0m] Started Journal Service.
[[0;32m  OK  [0m] Started Create list of required sta…vice nodes for the current kernel.
[[0;32m  OK  [0m] Mounted Kernel Debug File System.
[[0;32m  OK  [0m] Mounted Huge Pages File System.
[[0;32m  OK  [0m] Started Uncomplicated firewall.
[[0;32m  OK  [0m] Mounted POSIX Message Queue File System.
         Starting Create Static Device Nodes in /dev...
[[0;32m  OK  [0m] Started LVM2 metadata daemon.
[   15.275385] Loading iSCSI transport class v2.0-870.
[   15.283176] iscsi: registered transport (tcp)
[[0;32m  OK  [0m] Started udev Coldplug all Devices.
[[0;32m  OK  [0m] Started File System Check Daemon to report status.
[[0;32m  OK  [0m] Started Create Static Device Nodes in /dev.
[[0;32m  OK  [0m] Started File System Check on Root Device.
         Starting Remount Root and Kernel File Systems...
[   15.355068] iscsi: registered transport (iser)
[[0;32m  OK  [0m] Started Load Kernel Modules.
         Mounting FUSE Control File System...
         Mounting Kernel Configuration File System...
         Starting Apply Kernel Variables...
[[0;32m  OK  [0m] Mounted FUSE Control File System.
[[0;32m  OK  [0m] Mounted Kernel Configuration File System.
[[0;32m  OK  [0m] Started Monitoring of LVM2 mirrors,…sing dmeventd or progress polling.
[[0;32m  OK  [0m] Started Remount Root and Kernel File Systems.
[[0;32m  OK  [0m] Started Apply Kernel Variables.
         Starting Flush Journal to Persistent Storage...
         Starting udev Kernel Device Manager...
         Starting Load/Save Random Seed...
[[0;32m  OK  [0m] Started Load/Save Random Seed.
[[0;32m  OK  [0m] Started udev Kernel Device Manager.
[[0;32m  OK  [0m] Started Flush Journal to Persistent Storage.
[[0;32m  OK  [0m] Found device /dev/ttyS0.
[[0;32m  OK  [0m] Listening on Load/Save RF Kill Switch Status /dev/rfkill Watch.
         Mounting Arbitrary Executable File Formats File System...
[[0;32m  OK  [0m] Started Set the console keyboard layout.
[[0;32m  OK  [0m] Reached target Local File Systems (Pre).
[[0;32m  OK  [0m] Reached target Local File Systems.
         Starting Tell Plymouth To Write Out Runtime Data...
         Starting Create Volatile Files and Directories...
         Starting Commit a transient machine-id on disk...
         Starting AppArmor initialization...
         Starting ebtables ruleset management...
         Starting Set console font and keymap...
[[0;32m  OK  [0m] Started Dispatch Password Requests to Console Directory Watch.
[[0;32m  OK  [0m] Reached target Local Encrypted Volumes.
[[0;32m  OK  [0m] Mounted Arbitrary Executable File Formats File System.
[[0;32m  OK  [0m] Started Tell Plymouth To Write Out Runtime Data.
[[0;32m  OK  [0m] Started Create Volatile Files and Directories.
[[0;32m  OK  [0m] Started Commit a transient machine-id on disk.
         Starting Update UTMP about System Boot/Shutdown...
[[0;32m  OK  [0m] Started Update UTMP about System Boot/Shutdown.
[[0;32m  OK  [0m] Started ebtables ruleset management.
[[0;32m  OK  [0m] Started AppArmor initialization.
         Starting Load AppArmor profiles managed internally by snapd...
         Starting Initial cloud-init job (pre-networking)...
[[0;32m  OK  [0m] Started Load AppArmor profiles managed internally by snapd.
[[0;32m  OK  [0m] Started Set console font and keymap.
[   18.160026] cloud-init[761]: Cloud-init v. 22.4.2-0ubuntu0~18.04.1 running 'init-local' at Wed, 01 Mar 2023 14:24:43 +0000. Up 17.91 seconds.
[[0;32m  OK  [0m] Started Initial cloud-init job (pre-networking).
[[0;32m  OK  [0m] Reached target Network (Pre).
         Starting Network Service...
[[0;32m  OK  [0m] Started Network Service.
         Starting Network Name Resolution...
         Starting Wait for Network to be Configured...
[[0;32m  OK  [0m] Started Network Name Resolution.
[[0;32m  OK  [0m] Reached target Network.
[[0;32m  OK  [0m] Reached target Host and Network Name Lookups.
[[0;32m  OK  [0m] Started Wait for Network to be Configured.
         Starting Initial cloud-init job (metadata service crawler)...
[   19.761718] cloud-init[938]: Cloud-init v. 22.4.2-0ubuntu0~18.04.1 running 'init' at Wed, 01 Mar 2023 14:24:44 +0000. Up 19.67 seconds.
[   19.764450] cloud-init[938]: ci-info: ++++++++++++++++++++++++++++++++++++++Net device info+++++++++++++++++++++++++++++++++++++++
[   19.767037] cloud-init[938]: ci-info: +--------+-------+----------------------------+---------------+--------+-------------------+
[   19.769148] cloud-init[938]: ci-info: | Device |   Up  |          Address           |      Mask     | Scope  |     Hw-Address    |
[   19.770966] cloud-init[938]: ci-info: +--------+-------+----------------------------+---------------+--------+-------------------+
[   19.773313] cloud-init[938]: ci-info: | enp0s3 |  True |         10.0.2.15          | 255.255.255.0 | global | 02:ea:ac:f2:75:47 |
[   19.775724] cloud-init[938]: ci-info: | enp0s3 |  True | fe80::ea:acff:fef2:7547/64 |       .       |  link  | 02:ea:ac:f2:75:47 |
[   19.778323] cloud-init[938]: ci-info: | enp0s8 | False |             .              |       .       |   .    | 08:00:27:1a:1f:39 |
[   19.780852] cloud-init[938]: ci-info: |   lo   |  True |         127.0.0.1          |   255.0.0.0   |  host  |         .         |
[   19.783169] cloud-init[938]: ci-info: |   lo   |  True |          ::1/128           |       .       |  host  |         .         |
[   19.785532] cloud-init[938]: ci-info: +--------+-------+----------------------------+---------------+--------+-------------------+
[   19.787958] cloud-init[938]: ci-info: ++++++++++++++++++++++++++++Route IPv4 info+++++++++++++++++++++++++++++
[   19.789980] cloud-init[938]: ci-info: +-------+-------------+----------+-----------------+-----------+-------+
[   19.792033] cloud-init[938]: ci-info: | Route | Destination | Gateway  |     Genmask     | Interface | Flags |
[   19.794353] cloud-init[938]: ci-info: +-------+-------------+----------+-----------------+-----------+-------+
[   19.796323] cloud-init[938]: ci-info: |   0   |   0.0.0.0   | 10.0.2.2 |     0.0.0.0     |   enp0s3  |   UG  |
[   19.797970] cloud-init[938]: ci-info: |   1   |   10.0.2.0  | 0.0.0.0  |  255.255.255.0  |   enp0s3  |   U   |
[   19.799939] cloud-init[938]: ci-info: |   2   |   10.0.2.2  | 0.0.0.0  | 255.255.255.255 |   enp0s3  |   UH  |
[   19.802072] cloud-init[938]: ci-info: +-------+-------------+----------+-----------------+-----------+-------+
[   19.804275] cloud-init[938]: ci-info: +++++++++++++++++++Route IPv6 info+++++++++++++++++++
[   19.805956] cloud-init[938]: ci-info: +-------+-------------+---------+-----------+-------+
[   19.807570] cloud-init[938]: ci-info: | Route | Destination | Gateway | Interface | Flags |
[   19.809253] cloud-init[938]: ci-info: +-------+-------------+---------+-----------+-------+
[   19.810986] cloud-init[938]: ci-info: |   1   |  fe80::/64  |    ::   |   enp0s3  |   U   |
[   19.812744] cloud-init[938]: ci-info: |   3   |    local    |    ::   |   enp0s3  |   U   |
[   19.814376] cloud-init[938]: ci-info: |   4   |   ff00::/8  |    ::   |   enp0s3  |   U   |
[   19.815995] cloud-init[938]: ci-info: +-------+-------------+---------+-----------+-------+
[   20.509136] cloud-init[938]: Generating public/private rsa key pair.
[   20.513277] cloud-init[938]: Your identification has been saved in /etc/ssh/ssh_host_rsa_key.
[   20.516823] cloud-init[938]: Your public key has been saved in /etc/ssh/ssh_host_rsa_key.pub.
[   20.520954] cloud-init[938]: The key fingerprint is:
[   20.524595] cloud-init[938]: SHA256:vCP/3Pl4DHBv7h/qpxzUHfRWmWMGv3s+msCMfFSS0ok root@ubuntu-bionic
[   20.529553] cloud-init[938]: The key's randomart image is:
[   20.533744] cloud-init[938]: +---[RSA 2048]----+
[   20.537521] cloud-init[938]: |             ...+|
[   20.539840] cloud-init[938]: |          o o o*o|
[   20.543627] [[0;32m  OK  [0m] Started Initial cloud-init job (metadata service crawler).
[[0;32m  OK  [0m] Reached target System Initialization.
[[0;32m  OK  [0m] Listening on ACPID Listen Socket.
         Starting Socket activation for snappy daemon.
[[0;32m  OK  [0m] Listening on cloud-init hotplug hook socket.
[[0;32m  OK  [0m] Listening on UUID daemon activation socket.
[[0;32m  OK  [0m] Started Daily apt download activities.
[[0;32m  OK  [0m] Started Daily apt upgrade and clean activities.
[[0;32m  OK  [0m] Listening on D-Bus System Message Bus Socket.
[[0;32m  OK  [0m] Started Daily Cleanup of Temporary Directories.
         Starting LXD - unix socket.
[[0;32m  OK  [0m] Started Ubuntu Advantage Timer for running repeated jobs.
[[0;32m  OK  [0m] Started Discard unused blocks once a week.
[[0;32m  OK  [0m] Started ACPI Events Check.
[[0;32m  OK  [0m] Started Message of the Day.
[[0;32m  OK  [0m] Reached target Timers.
[[0;32m  OK  [0m] Reached target Paths.
[[0;32m  OK  [0m] Listening on Open-iSCSI iscsid Socket.
[[0;32m  OK  [0m] Reached target Cloud-config availability.
[[0;32m  OK  [0m] Reached target Network is Online.
[[0;32m  OK  [0m] Reached target Remote File Systems (Pre).
[[0;32m  OK  [0m] Reached target Remote File Systems.
         Starting Availability of block devices...
[[0;32m  OK  [0m] Listening on Socket activation for snappy daemon.
[[0;32m  OK  [0m] Started Availability of block devices.
[[0;32m  OK  [0m] Listening on LXD - unix socket.
[[0;32m  OK  [0m] Reached target Sockets.
[[0;32m  OK  [0m] Reached target Basic System.
[[0;32m  OK  [0m] Started Deferred execution scheduler.
         Starting System Logging Service...
[[0;32m  OK  [0m] Started irqbalance daemon.
         Starting LSB: Record successful boot for GRUB...
         Starting LSB: automatic crash report generation...
         Starting Dispatcher daemon for systemd-networkd...
         Starting Virtualbox guest utils...
[[0;32m  OK  [0m] Started Regular background program processing daemon.
cloud-init[938]: |         E = .oo+|
[   20.594858]          Starting Login Service...
[[0;32m  OK  [0m] Started FUSE filesystem for LXC.
         Starting Accounts Service...
[[0;32m  OK  [0m] Started D-Bus System Message Bus.
cloud-init[938]: |       .  o + ..+|
[   20.617166] cloud-init[938]: |        S  + o o.|
[   20.621353] cloud-init[938]: |        ..= o o .|
[   20.634729] cloud-init[938]: |      . oo = * o.|
[   20.639448] cloud-init[938]: |       o o..ooB+o|
[   20.651541] cloud-init[938]: |        ..o =@*.+|
[   20.659892] cloud-init[938]: +----[SHA256]-----+
[   20.667573] cloud-init[938]: Generating public/private dsa key pair.
[   20.671275] cloud-init[938]: Your identification has been saved in /etc/ssh/ssh_host_dsa_key.
[   20.679599] cloud-init[938]: Your public key has been saved in /etc/ssh/ssh_host_dsa_key.pub.
[   20.684573] cloud-init[938]: The key fingerprint is:
[   20.688425] cloud-init[938]: SHA256:gHunhHjWGvbaFxEXixhPA6oDWV3whghFhlcGqaqY8go root@ubuntu-bionic
[   20.692947] cloud-init[938]: The key's randomart image is:
[   20.696414] cloud-init[938]: +---[DSA 1024]----+
[   20.700405] cloud-init[938]: |.+*=+o+.o ..     |
[   20.703769] cloud-init[938]: |.=oo.= =.o..     |
[   20.707220] cloud-init[938]: |oo. + = oo.      |
[   20.710590] cloud-init[938]: |.. o = ..        |
[   20.714233] cloud-init[938]: |. + B + S.       |
[   20.718096] cloud-init[938]: |.  = * o.        |
[   20.721575]          Starting Permit User Sessions...
[[0;32m  OK  [0m] Reached target Login Prompts (Pre).
cloud-init[938]: |E.  . o  .       |
[   20.728022] cloud-init[938]: |*    o  .        |
[   20.735922] cloud-init[938]: |oo. . ..         |
[   20.741080] cloud-init[938]: +----[SHA256]-----+
[   20.745650] cloud-init[938]: Generating public/private ecdsa key pair.
[   20.748438] cloud-init[938]: Your identification has been saved in /etc/ssh/ssh_host_ecdsa_key.
[   20.752777] cloud-init[938]: Your public key has been saved in /etc/ssh/ssh_host_ecdsa_key.pub.
[   20.759981] cloud-init[938]: The key fingerprint is:
[   20.763503] cloud-init[938]: SHA256:AaeYlZCAsDh4Hykgs0kyei3TZUSin7YKhrVIIblJh2c root@ubuntu-bionic
[   20.767150] cloud-init[938]: The key's randomart image is:
[   20.768399] cloud-init[938]: +---[ECDSA 256]---+
[   20.769488] cloud-init[938]: |Oo..o=B..        |
[   20.770572] cloud-init[938]: |OO.+.O.+         |
[   20.771656] cloud-init[938]: |@+BEB . .        |
         Starting Pollinate to seed the pseudo random number generator...
[   20.776713] cloud-init[938]: |o*=* o   .       |
[   20.780398] cloud-init[938]: |o.. =   S        |
         Starting Snap Daemon...
         Starting LXD - container startup/shutdown...
[[0;32m  OK  [0m] Started System Logging Service.
[   20.784944] cloud-init[938]: |oo o .           |
[   20.797097] cloud-init[938]: |+.. .            |
[   20.799848] [[0;32m  OK  [0m] Started Permit User Sessions.
cloud-init[[0;32m  OK  [0m] Started Login Service.
[938]: |.. .             |[[0;32m  OK  [0m] Started Unattended Upgrades Shutdown.
         Starting Terminate Plymouth Boot Screen...
         Starting Hold until boot process finishes up...

[[0;32m  OK  [0m] Started Hold until boot process finishes up.
[   20.836029] cloud-init         Starting Set console scheme...
[[0;32m  OK  [0m] Started Serial Getty on ttyS0.
[[0;32m  OK  [0m] Started Terminate Plymouth Boot Screen.
[938]: |  .              |
[   20.844456] cloud-init[938]: +----[SHA256]-----+
[   20.848501] cloud-init[938]: Generating public/private ed25519 key pair.
[   20.853545] cloud-init[938]: Your identification has been saved in /etc/ssh/ssh_host_ed25519_key.
[   20.857733] cloud-init[938]: Your public key has been saved in /etc/ssh/ssh_host_ed25519_key.pub.
[   20.861979] cloud-init[938]: The key fingerprint is:
[   20.864754] cloud-init[938]: SHA256:ZPtYZIWWfcz35q6ViAgsX6r0PR81Pdk9kn4A4qQfXJM root@ubuntu-bionic
[   20.868997] cloud-init[938]: The key's randomart image is:
[   20.872291] cloud-init[938]: +--[ED25519 256]--+
[   20.875632] cloud-init[938]: |           +.o   |
[   20.878983] cloud-init[938]: |          +.o + .|
[   20.882877] cloud-init[938]: |        o+oE . ..|
[   20.886397] cloud-init[938]: |      .o=+o o o *|
[   20.890018] cloud-init[938]: |     . +S=.  * Bo|
[   20.893664] cloud-init[938]: |      o =+o + = =|
[   20.901868] cloud-init[938]: |     . o.o.o o +.|
[   20.906502] cloud-init[938]: |    . o ..  . ...|
[   20.911071] cloud-init[938]: |     . . .o.  .. |
[   20.916185] cloud-init[938]: +----[SHA256]-----+
[[0;32m  OK  [0m] Started LSB: automatic crash report generation.
[[0;32m  OK  [0m] Started Set console scheme.
[[0;32m  OK  [0m] Created slice system-getty.slice.
[[0;32m  OK  [0m] Started Getty on tty1.
[[0;32m  OK  [0m] Reached target Login Prompts.
         Starting Authorization Manager...
[[0;32m  OK  [0m] Started Virtualbox guest utils.
[[0;32m  OK  [0m] Started LSB: Record successful boot for GRUB.
[[0;32m  OK  [0m] Started Authorization Manager.
[[0;32m  OK  [0m] Started Accounts Service.
[[0;32m  OK  [0m] Started LXD - container startup/shutdown.
[[0;32m  OK  [0m] Started Dispatcher daemon for systemd-networkd.
[[0;32m  OK  [0m] Started Snap Daemon.
         Starting Wait until snapd is fully seeded...
         Starting Time & Date Service...
[[0;32m  OK  [0m] Started Time & Date Service.
[[0;32m  OK  [0m] Started Pollinate to seed the pseudo random number generator.
         Starting OpenBSD Secure Shell server...
[[0;32m  OK  [0m] Started OpenBSD Secure Shell server.
[[0;32m  OK  [0m] Started Wait until snapd is fully seeded.
         Starting Apply the settings specified in cloud-config...
[   24.967976] cloud-init[1425]: Cloud-init v. 22.4.2-0ubuntu0~18.04.1 running 'modules:config' at Wed, 01 Mar 2023 14:24:49 +0000. Up 24.63 seconds.
[[0;32m  OK  [0m] Started Apply the settings specified in cloud-config.
[[0;32m  OK  [0m] Reached target Multi-User System.
[[0;32m  OK  [0m] Reached target Graphical Interface.
         Starting Update UTMP about System Runlevel Changes...
         Starting Execute cloud user/final scripts...
[[0;32m  OK  [0m] Started Update UTMP about System Runlevel Changes.
ci-info: no authorized SSH keys fingerprints found for user ubuntu.
<14>Mar  1 14:24:50 cloud-init: #############################################################
<14>Mar  1 14:24:50 cloud-init: -----BEGIN SSH HOST KEY FINGERPRINTS-----
<14>Mar  1 14:24:50 cloud-init: 1024 SHA256:gHunhHjWGvbaFxEXixhPA6oDWV3whghFhlcGqaqY8go root@ubuntu-bionic (DSA)
<14>Mar  1 14:24:50 cloud-init: 256 SHA256:AaeYlZCAsDh4Hykgs0kyei3TZUSin7YKhrVIIblJh2c root@ubuntu-bionic (ECDSA)
<14>Mar  1 14:24:50 cloud-init: 256 SHA256:ZPtYZIWWfcz35q6ViAgsX6r0PR81Pdk9kn4A4qQfXJM root@ubuntu-bionic (ED25519)
<14>Mar  1 14:24:50 cloud-init: 2048 SHA256:vCP/3Pl4DHBv7h/qpxzUHfRWmWMGv3s+msCMfFSS0ok root@ubuntu-bionic (RSA)
<14>Mar  1 14:24:50 cloud-init: -----END SSH HOST KEY FINGERPRINTS-----
<14>Mar  1 14:24:50 cloud-init: #############################################################
-----BEGIN SSH HOST KEY KEYS-----
ecdsa-sha2-nistp256 AAAAE2VjZHNhLXNoYTItbmlzdHAyNTYAAAAIbmlzdHAyNTYAAABBBFiaGJ3DSZamv3d/zXS+fSIOxbMRRtpaOPplmx3OFxKwlJlf5AYHGqr6M3+CqShn0P3IUVsGcm5Htk0G9HRWkDg= root@ubuntu-bionic
ssh-ed25519 AAAAC3NzaC1lZDI1NTE5AAAAIO4xhg+T5JhlRJMy+u4Ji8jnxEs9HmM9HVEcsNdS33As root@ubuntu-bionic
ssh-rsa AAAAB3NzaC1yc2EAAAADAQABAAABAQDFLAn5j0EMSaEq+OLVXcZYKV5nPF0WKbPdPzwOzP1xgWjUyTF5GOboXn5bFqX4z6PK/oqEu4BeH0ph+CjF+fNSUxZfvsOAgVJkR+i0216yRqSfLD1CtxTyTprPqE5f+HK6W8m4pn/ZbVQzb5QDEtR34SJGRKFAFpBueiFcple/gjN/UqbHQg1egrY/K7IfKV6LvK479GD2sBGhH1uUx0pzwZg9nvHucc6Yr2UbDzWKeVtDm+gvTMIzUCw/mTlpA6qdf8//pM8EmdWueMeOL/DgqhQC+Mp36CtFtf3b/vpVsmfYxyxguJXlgaMQVqBvXlMC2FarerOeyRb3mRWFxqQR root@ubuntu-bionic
-----END SSH HOST KEY KEYS-----
[   25.407341] cloud-init[1476]: Cloud-init v. 22.4.2-0ubuntu0~18.04.1 running 'modules:final' at Wed, 01 Mar 2023 14:24:50 +0000. Up 25.26 seconds.
[   25.409997] cloud-init[1476]: Cloud-init v. 22.4.2-0ubuntu0~18.04.1 finished at Wed, 01 Mar 2023 14:24:50 +0000. Datasource DataSourceNoCloud [seed=/dev/sdb][dsmode=net].  Up 25.40 seconds
[[0;32m  OK  [0m] Started Execute cloud user/final scripts.
[[0;32m  OK  [0m] Reached target Cloud-init target.

Ubuntu 18.04.6 LTS ubuntu-bionic ttyS0

ubuntu-bionic login: 